Tracing ./trace01.txt
#								#
# trace01.txt - Properly terminate on EOF.			# trace01.txt - Properly terminate on EOF.
#								#
=====================================================================
Tracing ./trace02.txt
#								#
# trace02.txt - Process builtin quit command.			# trace02.txt - Process builtin quit command.
#								#
=====================================================================
Tracing ./trace03.txt
#								#
# trace03.txt - Run a foreground job.				# trace03.txt - Run a foreground job.
#								#
msh> quit							msh> quit
=====================================================================
Tracing ./trace04.txt
#								#
# trace04.txt - Run a background job.				# trace04.txt - Run a background job.
#								#
msh> ./myspin 1 &						msh> ./myspin 1 &
[1] (14522) ./myspin 1 &				      |	[1] (14526) ./myspin 1 &
=====================================================================
Tracing ./trace05.txt
#								#
# trace05.txt - Process jobs builtin command.			# trace05.txt - Process jobs builtin command.
#								#
msh> ./myspin 2 &						msh> ./myspin 2 &
[1] (14531) ./myspin 2 &				      |	[1] (14538) ./myspin 2 &
msh> ./myspin 3 &						msh> ./myspin 3 &
[2] (14533) ./myspin 3 &				      |	[2] (14540) ./myspin 3 &
msh> jobs							msh> jobs
[1] (14531) Running ./myspin 2 &			      |	[1] (14538) Running ./myspin 2 &
[2] (14533) Running ./myspin 3 &			      |	[2] (14540) Running ./myspin 3 &
=====================================================================
Tracing ./trace06.txt
#								#
# trace06.txt - Forward SIGINT to foreground job.		# trace06.txt - Forward SIGINT to foreground job.
#								#
msh> ./myspin 4							msh> ./myspin 4
Job [1] (14553) terminated by signal 2			      |	Job [1] (14557) terminated by signal 2
=====================================================================
Tracing ./trace07.txt
#								#
# trace07.txt - Forward SIGINT only to foreground job.		# trace07.txt - Forward SIGINT only to foreground job.
#								#
msh> ./myspin 4 &						msh> ./myspin 4 &
[1] (14562) ./myspin 4 &				      |	[1] (14570) ./myspin 4 &
msh> ./myspin 5							msh> ./myspin 5
Job [2] (14564) terminated by signal 2			      |	Job [2] (14572) terminated by signal 2
msh> jobs							msh> jobs
[1] (14562) Running ./myspin 4 &			      |	[1] (14570) Running ./myspin 4 &
=====================================================================
Tracing ./trace08.txt
#								#
# trace08.txt - Forward SIGTSTP only to foreground job.		# trace08.txt - Forward SIGTSTP only to foreground job.
#								#
msh> ./myspin 4 &						msh> ./myspin 4 &
[1] (14580) ./myspin 4 &				      |	[1] (14593) ./myspin 4 &
msh> ./myspin 5							msh> ./myspin 5
Job [2] (14582) stopped by signal 20			      |	Job [2] (14595) stopped by signal 20
msh> jobs							msh> jobs
[1] (14580) Running ./myspin 4 &			      |	[1] (14593) Running ./myspin 4 &
[2] (14582) Stopped ./myspin 5 				      |	[2] (14595) Stopped ./myspin 5 
=====================================================================
Tracing ./trace09.txt
#								#
# trace09.txt - Process bg builtin command			# trace09.txt - Process bg builtin command
#								#
msh> ./myspin 4 &						msh> ./myspin 4 &
[1] (14602) ./myspin 4 &				      |	[1] (14611) ./myspin 4 &
msh> ./myspin 5							msh> ./myspin 5
Job [2] (14604) stopped by signal 20			      |	Job [2] (14613) stopped by signal 20
msh> jobs							msh> jobs
[1] (14602) Running ./myspin 4 &			      |	[1] (14611) Running ./myspin 4 &
[2] (14604) Stopped ./myspin 5 				      |	[2] (14613) Stopped ./myspin 5 
msh> bg %2							msh> bg %2
[2] (14604) ./myspin 5 					      |	[2] (14613) ./myspin 5 
msh> jobs							msh> jobs
[1] (14602) Running ./myspin 4 &			      |	[1] (14611) Running ./myspin 4 &
[2] (14604) Running ./myspin 5 				      |	[2] (14613) Running ./myspin 5 
=====================================================================
Tracing ./trace10.txt
#								#
# trace10.txt - Process fg builtin command. 			# trace10.txt - Process fg builtin command. 
#								#
msh> ./myspin 4 &						msh> ./myspin 4 &
[1] (14622) ./myspin 4 &				      |	[1] (14630) ./myspin 4 &
msh> fg %1							msh> fg %1
Job [1] (14622) stopped by signal 20			      |	Job [1] (14630) stopped by signal 20
msh> jobs							msh> jobs
[1] (14622) Stopped ./myspin 4 &			      |	[1] (14630) Stopped ./myspin 4 &
msh> fg %1							msh> fg %1
msh> jobs							msh> jobs
=====================================================================
Tracing ./trace11.txt
#								#
# trace11.txt - Forward SIGINT to every process in foreground	# trace11.txt - Forward SIGINT to every process in foreground
#								#
msh> ./mysplit 4						msh> ./mysplit 4
Job [1] (14641) terminated by signal 2			      |	Job [1] (14648) terminated by signal 2
msh> /bin/ps a							msh> /bin/ps a
  PID TTY      STAT   TIME COMMAND				  PID TTY      STAT   TIME COMMAND
  449 pts/20   Ss+    0:00 -bash				  449 pts/20   Ss+    0:00 -bash
  629 tty8     Ss+    0:11 /usr/bin/X :0 -br -verbose -auth /	  629 tty8     Ss+    0:11 /usr/bin/X :0 -br -verbose -auth /
 1314 tty4     Ss+    0:00 /sbin/getty -8 38400 tty4		 1314 tty4     Ss+    0:00 /sbin/getty -8 38400 tty4
 1318 tty5     Ss+    0:00 /sbin/getty -8 38400 tty5		 1318 tty5     Ss+    0:00 /sbin/getty -8 38400 tty5
 1328 tty2     Ss+    0:00 /sbin/getty -8 38400 tty2		 1328 tty2     Ss+    0:00 /sbin/getty -8 38400 tty2
 1329 tty3     Ss+    0:00 /sbin/getty -8 38400 tty3		 1329 tty3     Ss+    0:00 /sbin/getty -8 38400 tty3
 1331 tty6     Ss+    0:00 /sbin/getty -8 38400 tty6		 1331 tty6     Ss+    0:00 /sbin/getty -8 38400 tty6
 1679 pts/7    Ss+    0:00 -bash				 1679 pts/7    Ss+    0:00 -bash
 1698 pts/7    Tl     0:00 gvim mysimu				 1698 pts/7    Tl     0:00 gvim mysimu
 1726 pts/7    Tl     0:00 vim mysimu				 1726 pts/7    Tl     0:00 vim mysimu
 1734 pts/7    Tl     0:00 vim mysimu1				 1734 pts/7    Tl     0:00 vim mysimu1
 1881 tty1     Ss+    0:00 /sbin/getty -8 38400 tty1		 1881 tty1     Ss+    0:00 /sbin/getty -8 38400 tty1
 7348 pts/1    Ss     0:00 -bash				 7348 pts/1    Ss     0:00 -bash
 9870 pts/1    Sl+    0:00 vi hmwk.c				 9870 pts/1    Sl+    0:00 vi hmwk.c
10513 pts/9    Ss     0:00 -bash				10513 pts/9    Ss     0:00 -bash
10536 pts/9    Tl     0:00 vim 1dsimu				10536 pts/9    Tl     0:00 vim 1dsimu
12276 pts/9    S+     0:11 ./xsofm				12276 pts/9    S+     0:11 ./xsofm
12325 pts/2    Ss     0:00 -bash				12325 pts/2    Ss     0:00 -bash
14076 pts/12   Ss     0:00 -bash				14076 pts/12   Ss     0:00 -bash
14153 pts/12   Sl+    0:00 vim hw2.c				14153 pts/12   Sl+    0:00 vim hw2.c
14498 pts/2    S+     0:00 /bin/bash ./compare.sh		14498 pts/2    S+     0:00 /bin/bash ./compare.sh
14499 pts/2    S+     0:00 /bin/bash ./compare.sh		14499 pts/2    S+     0:00 /bin/bash ./compare.sh
14500 pts/2    S+     0:00 tee trace-diff.out			14500 pts/2    S+     0:00 tee trace-diff.out
14544 pts/3    Sl+    0:00 vim make.in				14544 pts/3    Sl+    0:00 vim make.in
14637 pts/2    S+     0:00 /usr/bin/perl ./sdriver.pl -t ./tr |	14645 pts/2    S+     0:00 /usr/bin/perl ./sdriver.pl -t ./tr
14638 pts/2    S+     0:00 ./msh -p			      |	14646 pts/2    S+     0:00 ./mshref -p
14644 pts/2    R      0:00 /bin/ps a			      |	14651 pts/2    R      0:00 /bin/ps a
14658 pts/21   Ss     0:00 -bash				14658 pts/21   Ss     0:00 -bash
15675 pts/21   Sl+    0:00 vim paltest.c			15675 pts/21   Sl+    0:00 vim paltest.c
22425 pts/3    Ss     0:00 -bash				22425 pts/3    Ss     0:00 -bash
29215 pts/13   Ss+    0:00 bash					29215 pts/13   Ss+    0:00 bash
29220 pts/14   Ss+    0:00 bash					29220 pts/14   Ss+    0:00 bash
29221 pts/15   Ss+    0:00 bash					29221 pts/15   Ss+    0:00 bash
29375 pts/8    Ss+    0:00 bash					29375 pts/8    Ss+    0:00 bash
32351 pts/18   Ss+    0:00 bash					32351 pts/18   Ss+    0:00 bash
32355 pts/17   Ss     0:00 bash					32355 pts/17   Ss     0:00 bash
32357 pts/11   Ss+    0:00 bash					32357 pts/11   Ss+    0:00 bash
32372 pts/17   S+     4:15 ./xsofm				32372 pts/17   S+     4:15 ./xsofm
32419 pts/5    Ss+    0:00 bash					32419 pts/5    Ss+    0:00 bash
=====================================================================
Tracing ./trace12.txt
#								#
# trace12.txt - Forward SIGTSTP to every process in foregroun	# trace12.txt - Forward SIGTSTP to every process in foregroun
#								#
msh> ./mysplit 4						msh> ./mysplit 4
Job [1] (14656) stopped by signal 20			      |	Job [1] (14666) stopped by signal 20
msh> jobs							msh> jobs
[1] (14656) Stopped ./mysplit 4 			      |	[1] (14666) Stopped ./mysplit 4 
msh> /bin/ps a							msh> /bin/ps a
  PID TTY      STAT   TIME COMMAND				  PID TTY      STAT   TIME COMMAND
  449 pts/20   Ss+    0:00 -bash				  449 pts/20   Ss+    0:00 -bash
  629 tty8     Ss+    0:11 /usr/bin/X :0 -br -verbose -auth /	  629 tty8     Ss+    0:11 /usr/bin/X :0 -br -verbose -auth /
 1314 tty4     Ss+    0:00 /sbin/getty -8 38400 tty4		 1314 tty4     Ss+    0:00 /sbin/getty -8 38400 tty4
 1318 tty5     Ss+    0:00 /sbin/getty -8 38400 tty5		 1318 tty5     Ss+    0:00 /sbin/getty -8 38400 tty5
 1328 tty2     Ss+    0:00 /sbin/getty -8 38400 tty2		 1328 tty2     Ss+    0:00 /sbin/getty -8 38400 tty2
 1329 tty3     Ss+    0:00 /sbin/getty -8 38400 tty3		 1329 tty3     Ss+    0:00 /sbin/getty -8 38400 tty3
 1331 tty6     Ss+    0:00 /sbin/getty -8 38400 tty6		 1331 tty6     Ss+    0:00 /sbin/getty -8 38400 tty6
 1679 pts/7    Ss+    0:00 -bash				 1679 pts/7    Ss+    0:00 -bash
 1698 pts/7    Tl     0:00 gvim mysimu				 1698 pts/7    Tl     0:00 gvim mysimu
 1726 pts/7    Tl     0:00 vim mysimu				 1726 pts/7    Tl     0:00 vim mysimu
 1734 pts/7    Tl     0:00 vim mysimu1				 1734 pts/7    Tl     0:00 vim mysimu1
 1881 tty1     Ss+    0:00 /sbin/getty -8 38400 tty1		 1881 tty1     Ss+    0:00 /sbin/getty -8 38400 tty1
 7348 pts/1    Ss     0:00 -bash				 7348 pts/1    Ss     0:00 -bash
 9870 pts/1    Sl+    0:00 vi hmwk.c				 9870 pts/1    Sl+    0:00 vi hmwk.c
10513 pts/9    Ss     0:00 -bash				10513 pts/9    Ss     0:00 -bash
10536 pts/9    Tl     0:00 vim 1dsimu				10536 pts/9    Tl     0:00 vim 1dsimu
12276 pts/9    S+     0:12 ./xsofm				12276 pts/9    S+     0:12 ./xsofm
12325 pts/2    Ss     0:00 -bash				12325 pts/2    Ss     0:00 -bash
14076 pts/12   Ss     0:00 -bash				14076 pts/12   Ss     0:00 -bash
14153 pts/12   Sl+    0:00 vim hw2.c				14153 pts/12   Sl+    0:00 vim hw2.c
14498 pts/2    S+     0:00 /bin/bash ./compare.sh		14498 pts/2    S+     0:00 /bin/bash ./compare.sh
14499 pts/2    S+     0:00 /bin/bash ./compare.sh		14499 pts/2    S+     0:00 /bin/bash ./compare.sh
14500 pts/2    S+     0:00 tee trace-diff.out			14500 pts/2    S+     0:00 tee trace-diff.out
14544 pts/3    Sl+    0:00 vim make.in				14544 pts/3    Sl+    0:00 vim make.in
14653 pts/2    S+     0:00 /usr/bin/perl ./sdriver.pl -t ./tr <
14654 pts/2    S+     0:00 ./msh -p			      <
14656 pts/2    T      0:00 ./mysplit 4			      <
14658 pts/21   Ss     0:00 -bash				14658 pts/21   Ss     0:00 -bash
14659 pts/2    T      0:00 ./mysplit 4			      |	14663 pts/2    S+     0:00 /usr/bin/perl ./sdriver.pl -t ./tr
14662 pts/2    R      0:00 /bin/ps a			      |	14664 pts/2    S+     0:00 ./mshref -p
							      >	14666 pts/2    T      0:00 ./mysplit 4
							      >	14667 pts/2    T      0:00 ./mysplit 4
							      >	14670 pts/2    R      0:00 /bin/ps a
15675 pts/21   Sl+    0:00 vim paltest.c			15675 pts/21   Sl+    0:00 vim paltest.c
22425 pts/3    Ss     0:00 -bash				22425 pts/3    Ss     0:00 -bash
29215 pts/13   Ss+    0:00 bash					29215 pts/13   Ss+    0:00 bash
29220 pts/14   Ss+    0:00 bash					29220 pts/14   Ss+    0:00 bash
29221 pts/15   Ss+    0:00 bash					29221 pts/15   Ss+    0:00 bash
29375 pts/8    Ss+    0:00 bash					29375 pts/8    Ss+    0:00 bash
32351 pts/18   Ss+    0:00 bash					32351 pts/18   Ss+    0:00 bash
32355 pts/17   Ss     0:00 bash					32355 pts/17   Ss     0:00 bash
32357 pts/11   Ss+    0:00 bash					32357 pts/11   Ss+    0:00 bash
32372 pts/17   S+     4:15 ./xsofm				32372 pts/17   S+     4:15 ./xsofm
32419 pts/5    Ss+    0:00 bash					32419 pts/5    Ss+    0:00 bash
=====================================================================
Tracing ./trace13.txt
#								#
# trace13.txt - Restart every stopped process in process grou	# trace13.txt - Restart every stopped process in process grou
#								#
msh> ./mysplit 4						msh> ./mysplit 4
Job [1] (14675) stopped by signal 20			      |	Job [1] (14687) stopped by signal 20
msh> jobs							msh> jobs
[1] (14675) Stopped ./mysplit 4 			      |	[1] (14687) Stopped ./mysplit 4 
msh> /bin/ps a							msh> /bin/ps a
  PID TTY      STAT   TIME COMMAND				  PID TTY      STAT   TIME COMMAND
  449 pts/20   Ss+    0:00 -bash				  449 pts/20   Ss+    0:00 -bash
  629 tty8     Ss+    0:11 /usr/bin/X :0 -br -verbose -auth /	  629 tty8     Ss+    0:11 /usr/bin/X :0 -br -verbose -auth /
 1314 tty4     Ss+    0:00 /sbin/getty -8 38400 tty4		 1314 tty4     Ss+    0:00 /sbin/getty -8 38400 tty4
 1318 tty5     Ss+    0:00 /sbin/getty -8 38400 tty5		 1318 tty5     Ss+    0:00 /sbin/getty -8 38400 tty5
 1328 tty2     Ss+    0:00 /sbin/getty -8 38400 tty2		 1328 tty2     Ss+    0:00 /sbin/getty -8 38400 tty2
 1329 tty3     Ss+    0:00 /sbin/getty -8 38400 tty3		 1329 tty3     Ss+    0:00 /sbin/getty -8 38400 tty3
 1331 tty6     Ss+    0:00 /sbin/getty -8 38400 tty6		 1331 tty6     Ss+    0:00 /sbin/getty -8 38400 tty6
 1679 pts/7    Ss+    0:00 -bash				 1679 pts/7    Ss+    0:00 -bash
 1698 pts/7    Tl     0:00 gvim mysimu				 1698 pts/7    Tl     0:00 gvim mysimu
 1726 pts/7    Tl     0:00 vim mysimu				 1726 pts/7    Tl     0:00 vim mysimu
 1734 pts/7    Tl     0:00 vim mysimu1				 1734 pts/7    Tl     0:00 vim mysimu1
 1881 tty1     Ss+    0:00 /sbin/getty -8 38400 tty1		 1881 tty1     Ss+    0:00 /sbin/getty -8 38400 tty1
 7348 pts/1    Ss     0:00 -bash				 7348 pts/1    Ss     0:00 -bash
 9870 pts/1    Sl+    0:00 vi hmwk.c				 9870 pts/1    Sl+    0:00 vi hmwk.c
10513 pts/9    Ss     0:00 -bash				10513 pts/9    Ss     0:00 -bash
10536 pts/9    Tl     0:00 vim 1dsimu				10536 pts/9    Tl     0:00 vim 1dsimu
12276 pts/9    S+     0:12 ./xsofm				12276 pts/9    S+     0:12 ./xsofm
12325 pts/2    Ss     0:00 -bash				12325 pts/2    Ss     0:00 -bash
14076 pts/12   Ss     0:00 -bash				14076 pts/12   Ss     0:00 -bash
14153 pts/12   Sl+    0:00 vim hw2.c				14153 pts/12   Sl+    0:00 vim hw2.c
14498 pts/2    S+     0:00 /bin/bash ./compare.sh		14498 pts/2    S+     0:00 /bin/bash ./compare.sh
14499 pts/2    S+     0:00 /bin/bash ./compare.sh		14499 pts/2    S+     0:00 /bin/bash ./compare.sh
14500 pts/2    S+     0:00 tee trace-diff.out			14500 pts/2    S+     0:00 tee trace-diff.out
14544 pts/3    Sl+    0:00 vim make.in				14544 pts/3    Sl+    0:00 vim make.in
14658 pts/21   Ss     0:00 -bash				14658 pts/21   Ss     0:00 -bash
14672 pts/2    S+     0:00 /usr/bin/perl ./sdriver.pl -t ./tr |	14684 pts/2    S+     0:00 /usr/bin/perl ./sdriver.pl -t ./tr
14673 pts/2    S+     0:00 ./msh -p			      |	14685 pts/2    S+     0:00 ./mshref -p
14675 pts/2    T      0:00 ./mysplit 4			      |	14687 pts/2    T      0:00 ./mysplit 4
14676 pts/2    T      0:00 ./mysplit 4			      |	14688 pts/2    T      0:00 ./mysplit 4
14680 pts/2    R      0:00 /bin/ps a			      |	14691 pts/2    R      0:00 /bin/ps a
15675 pts/21   Sl+    0:00 vim paltest.c			15675 pts/21   Sl+    0:00 vim paltest.c
22425 pts/3    Ss     0:00 -bash				22425 pts/3    Ss     0:00 -bash
29215 pts/13   Ss+    0:00 bash					29215 pts/13   Ss+    0:00 bash
29220 pts/14   Ss+    0:00 bash					29220 pts/14   Ss+    0:00 bash
29221 pts/15   Ss+    0:00 bash					29221 pts/15   Ss+    0:00 bash
29375 pts/8    Ss+    0:00 bash					29375 pts/8    Ss+    0:00 bash
32351 pts/18   Ss+    0:00 bash					32351 pts/18   Ss+    0:00 bash
32355 pts/17   Ss     0:00 bash					32355 pts/17   Ss     0:00 bash
32357 pts/11   Ss+    0:00 bash					32357 pts/11   Ss+    0:00 bash
32372 pts/17   S+     4:15 ./xsofm				32372 pts/17   S+     4:15 ./xsofm
32419 pts/5    Ss+    0:00 bash					32419 pts/5    Ss+    0:00 bash
msh> fg %1							msh> fg %1
msh> /bin/ps a							msh> /bin/ps a
  PID TTY      STAT   TIME COMMAND				  PID TTY      STAT   TIME COMMAND
  449 pts/20   Ss+    0:00 -bash				  449 pts/20   Ss+    0:00 -bash
  629 tty8     Ss+    0:11 /usr/bin/X :0 -br -verbose -auth /	  629 tty8     Ss+    0:11 /usr/bin/X :0 -br -verbose -auth /
 1314 tty4     Ss+    0:00 /sbin/getty -8 38400 tty4		 1314 tty4     Ss+    0:00 /sbin/getty -8 38400 tty4
 1318 tty5     Ss+    0:00 /sbin/getty -8 38400 tty5		 1318 tty5     Ss+    0:00 /sbin/getty -8 38400 tty5
 1328 tty2     Ss+    0:00 /sbin/getty -8 38400 tty2		 1328 tty2     Ss+    0:00 /sbin/getty -8 38400 tty2
 1329 tty3     Ss+    0:00 /sbin/getty -8 38400 tty3		 1329 tty3     Ss+    0:00 /sbin/getty -8 38400 tty3
 1331 tty6     Ss+    0:00 /sbin/getty -8 38400 tty6		 1331 tty6     Ss+    0:00 /sbin/getty -8 38400 tty6
 1679 pts/7    Ss+    0:00 -bash				 1679 pts/7    Ss+    0:00 -bash
 1698 pts/7    Tl     0:00 gvim mysimu				 1698 pts/7    Tl     0:00 gvim mysimu
 1726 pts/7    Tl     0:00 vim mysimu				 1726 pts/7    Tl     0:00 vim mysimu
 1734 pts/7    Tl     0:00 vim mysimu1				 1734 pts/7    Tl     0:00 vim mysimu1
 1881 tty1     Ss+    0:00 /sbin/getty -8 38400 tty1		 1881 tty1     Ss+    0:00 /sbin/getty -8 38400 tty1
 7348 pts/1    Ss     0:00 -bash				 7348 pts/1    Ss     0:00 -bash
 9870 pts/1    Sl+    0:00 vi hmwk.c				 9870 pts/1    Sl+    0:00 vi hmwk.c
10513 pts/9    Ss     0:00 -bash				10513 pts/9    Ss     0:00 -bash
10536 pts/9    Tl     0:00 vim 1dsimu				10536 pts/9    Tl     0:00 vim 1dsimu
12276 pts/9    S+     0:12 ./xsofm				12276 pts/9    S+     0:12 ./xsofm
12325 pts/2    Ss     0:00 -bash				12325 pts/2    Ss     0:00 -bash
14076 pts/12   Ss     0:00 -bash				14076 pts/12   Ss     0:00 -bash
14153 pts/12   Sl+    0:00 vim hw2.c				14153 pts/12   Sl+    0:00 vim hw2.c
14498 pts/2    S+     0:00 /bin/bash ./compare.sh		14498 pts/2    S+     0:00 /bin/bash ./compare.sh
14499 pts/2    S+     0:00 /bin/bash ./compare.sh		14499 pts/2    S+     0:00 /bin/bash ./compare.sh
14500 pts/2    S+     0:00 tee trace-diff.out			14500 pts/2    S+     0:00 tee trace-diff.out
14544 pts/3    Sl+    0:00 vim make.in				14544 pts/3    Sl+    0:00 vim make.in
14658 pts/21   Ss     0:00 -bash				14658 pts/21   Ss     0:00 -bash
14672 pts/2    S+     0:00 /usr/bin/perl ./sdriver.pl -t ./tr |	14684 pts/2    S+     0:00 /usr/bin/perl ./sdriver.pl -t ./tr
14673 pts/2    S+     0:00 ./msh -p			      |	14685 pts/2    S+     0:00 ./mshref -p
14683 pts/2    R      0:00 /bin/ps a			      |	14694 pts/2    R      0:00 /bin/ps a
15675 pts/21   Sl+    0:00 vim paltest.c			15675 pts/21   Sl+    0:00 vim paltest.c
22425 pts/3    Ss     0:00 -bash				22425 pts/3    Ss     0:00 -bash
29215 pts/13   Ss+    0:00 bash					29215 pts/13   Ss+    0:00 bash
29220 pts/14   Ss+    0:00 bash					29220 pts/14   Ss+    0:00 bash
29221 pts/15   Ss+    0:00 bash					29221 pts/15   Ss+    0:00 bash
29375 pts/8    Ss+    0:00 bash					29375 pts/8    Ss+    0:00 bash
32351 pts/18   Ss+    0:00 bash					32351 pts/18   Ss+    0:00 bash
32355 pts/17   Ss     0:00 bash					32355 pts/17   Ss     0:00 bash
32357 pts/11   Ss+    0:00 bash					32357 pts/11   Ss+    0:00 bash
32372 pts/17   S+     4:15 ./xsofm				32372 pts/17   S+     4:15 ./xsofm
32419 pts/5    Ss+    0:00 bash					32419 pts/5    Ss+    0:00 bash
=====================================================================
Tracing ./trace14.txt
#								#
# trace14.txt - Simple error handling				# trace14.txt - Simple error handling
#								#
msh> ./bogus							msh> ./bogus
./bogus: Command not found					./bogus: Command not found
msh> ./myspin 4 &						msh> ./myspin 4 &
[1] (14701) ./myspin 4 &				      |	[1] (14720) ./myspin 4 &
msh> fg								msh> fg
fg command requires PID or %jobid argument			fg command requires PID or %jobid argument
msh> bg								msh> bg
bg command requires PID or %jobid argument			bg command requires PID or %jobid argument
msh> fg a							msh> fg a
fg: argument must be a PID or %jobid				fg: argument must be a PID or %jobid
msh> bg a							msh> bg a
bg: argument must be a PID or %jobid				bg: argument must be a PID or %jobid
msh> fg 9999999							msh> fg 9999999
(9999999): No such process					(9999999): No such process
msh> bg 9999999							msh> bg 9999999
(9999999): No such process					(9999999): No such process
msh> fg %2							msh> fg %2
%2: No such job							%2: No such job
msh> fg %1							msh> fg %1
Job [1] (14701) stopped by signal 20			      |	Job [1] (14720) stopped by signal 20
msh> bg %2							msh> bg %2
%2: No such job							%2: No such job
msh> bg %1							msh> bg %1
[1] (14701) ./myspin 4 &				      |	[1] (14720) ./myspin 4 &
msh> jobs							msh> jobs
[1] (14701) Running ./myspin 4 &			      |	[1] (14720) Running ./myspin 4 &
=====================================================================
Tracing ./trace15.txt
#								#
# trace15.txt - Putting it all together				# trace15.txt - Putting it all together
#								#
msh> ./bogus							msh> ./bogus
./bogus: Command not found					./bogus: Command not found
msh> ./myspin 10						msh> ./myspin 10
Job [1] (14738) terminated by signal 2			      |	Job [1] (14757) terminated by signal 2
msh> ./myspin 3 &						msh> ./myspin 3 &
[1] (14740) ./myspin 3 &				      |	[1] (14759) ./myspin 3 &
msh> ./myspin 4 &						msh> ./myspin 4 &
[2] (14742) ./myspin 4 &				      |	[2] (14761) ./myspin 4 &
msh> jobs							msh> jobs
[1] (14740) Running ./myspin 3 &			      |	[1] (14759) Running ./myspin 3 &
[2] (14742) Running ./myspin 4 &			      |	[2] (14761) Running ./myspin 4 &
msh> fg %1							msh> fg %1
Job [1] (14740) stopped by signal 20			      |	Job [1] (14759) stopped by signal 20
msh> jobs							msh> jobs
[1] (14740) Stopped ./myspin 3 &			      |	[1] (14759) Stopped ./myspin 3 &
[2] (14742) Running ./myspin 4 &			      |	[2] (14761) Running ./myspin 4 &
msh> bg %3							msh> bg %3
%3: No such job							%3: No such job
msh> bg %1							msh> bg %1
[1] (14740) ./myspin 3 &				      |	[1] (14759) ./myspin 3 &
msh> jobs							msh> jobs
[1] (14740) Running ./myspin 3 &			      |	[1] (14759) Running ./myspin 3 &
[2] (14742) Running ./myspin 4 &			      |	[2] (14761) Running ./myspin 4 &
msh> fg %1							msh> fg %1
msh> quit							msh> quit
=====================================================================
Tracing ./trace16.txt
#								#
# trace16.txt - Tests whether the shell can handle SIGTSTP an	# trace16.txt - Tests whether the shell can handle SIGTSTP an
#     signals that come from other processes instead of the t	#     signals that come from other processes instead of the t
#								#
msh> ./mystop 2							msh> ./mystop 2
Job [1] (14774) stopped by signal 20			      |	Job [1] (14782) stopped by signal 20
msh> jobs							msh> jobs
[1] (14774) Stopped ./mystop 2				      |	[1] (14782) Stopped ./mystop 2
msh> ./myint 2							msh> ./myint 2
Job [2] (14778) terminated by signal 2			      |	Job [2] (14785) terminated by signal 2
=====================================================================
